<?xml version="1.0" encoding="UTF-8"?>
<!-- Generated by org.testng.reporters.JUnitXMLReporter -->
<testsuite hostname="GLENVWL-2MJMMX1" name="Test" tests="27" failures="0" timestamp="1 Nov 2017 21:42:53 GMT" time="12.43" errors="0">
  <testcase name="acorn1" time="0.341" classname="maven.MAVENHEADLESS.onlinesampling"/>
  <testcase name="acorn2" time="0.305" classname="maven.MAVENHEADLESS.onlinesampling"/>
  <testcase name="acorn3" time="0.283" classname="maven.MAVENHEADLESS.onlinesampling"/>
  <testcase name="acorn1" time="0.109" classname="maven.MAVENHEADLESS.CartHLess"/>
  <testcase name="acorn2" time="0.121" classname="maven.MAVENHEADLESS.CartHLess"/>
  <testcase name="acorn3" time="0.105" classname="maven.MAVENHEADLESS.CartHLess"/>
  <testcase name="acorn1" time="0.137" classname="maven.MAVENHEADLESS.pshomeschool"/>
  <testcase name="acorn2" time="0.154" classname="maven.MAVENHEADLESS.pshomeschool"/>
  <testcase name="acorn3" time="0.116" classname="maven.MAVENHEADLESS.pshomeschool"/>
  <testcase name="acorn1" time="0.192" classname="maven.MAVENHEADLESS.PS_HLess"/>
  <testcase name="acorn2" time="0.186" classname="maven.MAVENHEADLESS.PS_HLess"/>
  <testcase name="acorn3" time="0.192" classname="maven.MAVENHEADLESS.PS_HLess"/>
  <testcase name="acorn1" time="0.123" classname="maven.MAVENHEADLESS.PS1gWt"/>
  <testcase name="acorn2" time="0.126" classname="maven.MAVENHEADLESS.PS1gWt"/>
  <testcase name="acorn3" time="0.17" classname="maven.MAVENHEADLESS.PS1gWt"/>
  <testcase name="acorn1" time="0.056" classname="maven.MAVENHEADLESS.PNP"/>
  <testcase name="acorn2" time="0.05" classname="maven.MAVENHEADLESS.PNP"/>
  <testcase name="acorn3" time="0.047" classname="maven.MAVENHEADLESS.PNP"/>
  <testcase name="acorn1" time="0.199" classname="maven.MAVENHEADLESS.Rollup_Literacy"/>
  <testcase name="acorn2" time="0.241" classname="maven.MAVENHEADLESS.Rollup_Literacy"/>
  <testcase name="acorn3" time="0.197" classname="maven.MAVENHEADLESS.Rollup_Literacy"/>
  <testcase name="acorn1" time="0.085" classname="maven.MAVENHEADLESS.PSZj4a"/>
  <testcase name="acorn2" time="0.065" classname="maven.MAVENHEADLESS.PSZj4a"/>
  <testcase name="acorn3" time="0.066" classname="maven.MAVENHEADLESS.PSZj4a"/>
  <testcase name="acorn1" time="0.174" classname="maven.MAVENHEADLESS.SearchHLess"/>
  <testcase name="acorn2" time="0.103" classname="maven.MAVENHEADLESS.SearchHLess"/>
  <testcase name="acorn3" time="0.105" classname="maven.MAVENHEADLESS.SearchHLess"/>
</testsuite> <!-- Test -->
