<?xml version="1.0" encoding="UTF-8"?>
<testsuite name="TestSuite" time="4.057" tests="27" errors="0" skipped="0" failures="0">
  <properties>
[...]
</properties>
  <testcase name="acorn1" classname="maven.MAVENHEADLESS.onlinesampling" time="0.342"/>
  <testcase name="acorn2" classname="maven.MAVENHEADLESS.onlinesampling" time="0.305"/>
  <testcase name="acorn3" classname="maven.MAVENHEADLESS.onlinesampling" time="0.282"/>
  <testcase name="acorn1" classname="maven.MAVENHEADLESS.CartHLess" time="0.108"/>
  <testcase name="acorn2" classname="maven.MAVENHEADLESS.CartHLess" time="0.121"/>
  <testcase name="acorn3" classname="maven.MAVENHEADLESS.CartHLess" time="0.105"/>
  <testcase name="acorn1" classname="maven.MAVENHEADLESS.pshomeschool" time="0.138"/>
  <testcase name="acorn2" classname="maven.MAVENHEADLESS.pshomeschool" time="0.161"/>
  <testcase name="acorn3" classname="maven.MAVENHEADLESS.pshomeschool" time="0.116"/>
  <testcase name="acorn1" classname="maven.MAVENHEADLESS.PS_HLess" time="0.192"/>
  <testcase name="acorn2" classname="maven.MAVENHEADLESS.PS_HLess" time="0.186"/>
  <testcase name="acorn3" classname="maven.MAVENHEADLESS.PS_HLess" time="0.192"/>
  <testcase name="acorn1" classname="maven.MAVENHEADLESS.PS1gWt" time="0.123"/>
  <testcase name="acorn2" classname="maven.MAVENHEADLESS.PS1gWt" time="0.127"/>
  <testcase name="acorn3" classname="maven.MAVENHEADLESS.PS1gWt" time="0.169"/>
  <testcase name="acorn1" classname="maven.MAVENHEADLESS.PNP" time="0.056"/>
  <testcase name="acorn2" classname="maven.MAVENHEADLESS.PNP" time="0.05"/>
  <testcase name="acorn3" classname="maven.MAVENHEADLESS.PNP" time="0.047"/>
  <testcase name="acorn1" classname="maven.MAVENHEADLESS.Rollup_Literacy" time="0.2"/>
  <testcase name="acorn2" classname="maven.MAVENHEADLESS.Rollup_Literacy" time="0.241"/>
  <testcase name="acorn3" classname="maven.MAVENHEADLESS.Rollup_Literacy" time="0.197"/>
  <testcase name="acorn1" classname="maven.MAVENHEADLESS.PSZj4a" time="0.085"/>
  <testcase name="acorn2" classname="maven.MAVENHEADLESS.PSZj4a" time="0.065"/>
  <testcase name="acorn3" classname="maven.MAVENHEADLESS.PSZj4a" time="0.066"/>
  <testcase name="acorn1" classname="maven.MAVENHEADLESS.SearchHLess" time="0.175"/>
  <testcase name="acorn2" classname="maven.MAVENHEADLESS.SearchHLess" time="0.103"/>
  <testcase name="acorn3" classname="maven.MAVENHEADLESS.SearchHLess" time="0.105"/>
</testsuite>